<?xml version="1.0" encoding="UTF-8"?>
<testsuite xmlns:xsi="http://www.w3.org/2001/XMLSchema-instance" xsi:noNamespaceSchemaLocation="https://maven.apache.org/surefire/maven-surefire-plugin/xsd/surefire-test-report.xsd" name="MainTest" time="1.476" tests="12" errors="0" skipped="0" failures="4">
  <properties>
[...]
</properties>
  <testcase name="testAccelerate" classname="MainTest" time="0.027"/>
  <testcase name="testHybridCar" classname="MainTest" time="0.007">
    <failure message="&#10;Expected: an instance of java.lang.String&#10;     but: null" type="java.lang.AssertionError">java.lang.AssertionError: 

Expected: an instance of java.lang.String
     but: null
	at MainTest.testHybridCar(MainTest.java:146)
</failure>
  </testcase>
  <testcase name="testCarAccessModifiers" classname="MainTest" time="0.001"/>
  <testcase name="testBrake" classname="MainTest" time="0.002">
    <failure message="expected: &lt;the car is accelerating&gt; but was: &lt;the car is braking&gt;" type="org.opentest4j.AssertionFailedError"><![CDATA[org.opentest4j.AssertionFailedError: expected: <the car is accelerating> but was: <the car is braking>
	at MainTest.testBrake(MainTest.java:96)
]]></failure>
  </testcase>
  <testcase name="testGasPoweredCar" classname="MainTest" time="0.001">
    <failure message="&#10;Expected: an instance of java.lang.String&#10;     but: null" type="java.lang.AssertionError">java.lang.AssertionError: 

Expected: an instance of java.lang.String
     but: null
	at MainTest.testGasPoweredCar(MainTest.java:137)
</failure>
  </testcase>
  <testcase name="testStartEngineMethod" classname="MainTest" time="0"/>
  <testcase name="testLampAccessModifiers" classname="MainTest" time="0"/>
  <testcase name="testElectricCar" classname="MainTest" time="0">
    <failure message="&#10;Expected: an instance of java.lang.String&#10;     but: null" type="java.lang.AssertionError">java.lang.AssertionError: 

Expected: an instance of java.lang.String
     but: null
	at MainTest.testElectricCar(MainTest.java:128)
</failure>
  </testcase>
  <testcase name="testChildClassTypes" classname="MainTest" time="0"/>
  <testcase name="testCarTypes" classname="MainTest" time="0"/>
  <testcase name="testCarSkeletonInstanceTypes" classname="MainTest" time="0"/>
  <testcase name="testCarSkeletonMethodTypes" classname="MainTest" time="0.001"/>
</testsuite>